Jun 13 10:43 : avahi: Service 'Music Player @ aisuru' successfully established.
Jun 13 11:33 : update: removing NEFFEX - Grateful [Copyright Free].mp3
Jun 13 11:33 : update: removing Janji - Heroes Tonight (feat. Johnning) [NCS Release].mp3
Jun 13 11:33 : update: removing Culture Code - Make Me Move (feat. Karra) [NCS Release].mp3
Jun 13 11:33 : update: removing Cartoon - On & On (feat. Daniel Levi) [NCS Release].mp3
Jun 13 11:33 : update: removing N3WPORT - Power (feat. braev) [NCS Release].mp3
Jun 13 11:33 : exception: Failed to open /home/lanhildy/.mpd/playlists: No such file or directory
Jun 13 11:33 : exception: Failed to open /home/lanhildy/.mpd/playlists: No such file or directory
Jun 13 11:33 : exception: Failed to open /home/lanhildy/.mpd/playlists: No such file or directory
Jun 13 11:33 : exception: Failed to open /home/lanhildy/.mpd/playlists: No such file or directory
Jun 13 11:33 : exception: Failed to open /home/lanhildy/.mpd/playlists: No such file or directory
Jun 13 11:33 : exception: Failed to open /home/lanhildy/.mpd/playlists: No such file or directory
Jun 13 11:33 : exception: Failed to open /home/lanhildy/.mpd/playlists: No such file or directory
Jun 13 11:33 : exception: Failed to open /home/lanhildy/.mpd/playlists: No such file or directory
Jun 13 11:33 : exception: Failed to open /home/lanhildy/.mpd/playlists: No such file or directory
Jun 13 11:33 : exception: Failed to open /home/lanhildy/.mpd/playlists: No such file or directory
Jun 13 11:33 : exception: Failed to open /home/lanhildy/.mpd/playlists: No such file or directory
Jun 13 11:33 : exception: Failed to open /home/lanhildy/.mpd/playlists: No such file or directory
Jun 13 11:33 : exception: Failed to open /home/lanhildy/.mpd/playlists: No such file or directory
Jun 13 11:33 : exception: Failed to open /home/lanhildy/.mpd/playlists: No such file or directory
Jun 13 11:33 : exception: Failed to open /home/lanhildy/.mpd/playlists: No such file or directory
Jun 13 11:33 : exception: Failed to open /home/lanhildy/.mpd/playlists: No such file or directory
Jun 13 11:33 : exception: Failed to open /home/lanhildy/.mpd/playlists: No such file or directory
Jun 13 11:33 : exception: Failed to open /home/lanhildy/.mpd/playlists: No such file or directory
Jun 13 11:33 : player: played "Cartoon - On & On (feat. Daniel Levi) [NCS Release].mp3"
Jun 13 11:34 : avahi: Service 'Music Player @ aisuru' successfully established.
Jun 13 11:35 : update: added hoyuy/エブリデイワールド.mp3
Jun 13 11:35 : update: added hoyuy/ダイヤモンドの純.mp3
Jun 13 11:35 : update: added hoyuy/Tsuki O Ou Mayonaka.mp3
Jun 13 11:35 : update: added hoyuy/ヒッチコック.mp3
Jun 13 11:35 : update: added hoyuy/Kawakiwoameku.mp3
Jun 13 11:35 : update: added hoyuy/ユキトキ.mp3
Jun 13 11:35 : update: added hoyuy/だから僕は音楽を辞め.mp3
Jun 13 11:35 : update: added hoyuy/芽ぐみの雨.mp3
Jun 13 11:35 : update: added hoyuy/Delete.mp3
Jun 13 11:35 : update: added hoyuy/Mahi.mp3
Jun 13 11:35 : update: added hoyuy/a.m.3.mp3
Jun 13 11:35 : update: added hoyuy/ダイヤモンドの純度.mp3
Jun 13 11:35 : update: added hoyuy/Hitokakerano Yuki.mp3
Jun 13 11:35 : update: added hoyuy/Kono Yubi Tomare.mp3
Jun 13 11:35 : update: added hoyuy/Yakusoku.mp3
Jun 13 11:35 : update: added hoyuy/ダイヤモンドの純度～Yukino Ballade.mp3
Jun 13 11:35 : update: added hoyuy/Radiant Dreams.mp3
Jun 13 11:35 : update: added SAO/Cold and Wild.mp3
Jun 13 11:35 : update: added SAO/Fly Away from Here!.mp3
Jun 13 11:35 : update: added SAO/Looking Back on Those Days.mp3
Jun 13 11:35 : update: added SAO/In Your Past.mp3
Jun 13 11:35 : update: added SAO/Think Tenderly of You.mp3
Jun 13 11:35 : update: added SAO/Dance with Me.mp3
Jun 13 11:35 : update: added SAO/Shooting It Out.mp3
Jun 13 11:35 : update: added SAO/Gunland.mp3
Jun 13 11:35 : update: added SAO/Bullet of Bullets.mp3
Jun 13 11:35 : update: added SAO/Running Out of Crisis.mp3
Jun 13 11:35 : update: added SAO/Fighting Hard and Close.mp3
Jun 13 11:35 : update: added SAO/Desolate Landscape.mp3
Jun 13 11:35 : update: added SAO/Bercouli.mp3
Jun 13 11:35 : update: added SAO/Unnaturally Tense.mp3
Jun 13 11:35 : update: added SAO/Find Your Sword In This Land.mp3
Jun 13 11:35 : update: added SAO/They Start Fighting.mp3
Jun 13 11:35 : update: added SAO/Eugeo Collection.mp3
Jun 13 11:35 : update: added SAO/In Another Land.mp3
Jun 13 11:35 : update: added SAO/Continuing Suspense.mp3
Jun 13 11:35 : update: added SAO/In This Cruel Land.mp3
Jun 13 11:35 : update: added SAO/In This Place.mp3
Jun 13 11:35 : update: added SAO/Confront Battle.mp3
Jun 13 11:35 : update: added SAO/Luminous Sword.mp3
Jun 13 11:35 : update: added SAO/Heartbreaking Reality.mp3
Jun 13 11:35 : update: added SAO/Swordland.mp3
Jun 13 11:35 : update: added SAO/I_m Always Thinking of You.mp3
Jun 13 11:35 : update: added SAO/fight!.mp3
Jun 13 11:35 : update: added SAO/Think Tenderly of You-.mp3
Jun 13 11:35 : update: added SAO/Death Gun.mp3
Jun 13 11:35 : update: added SAO/Aerial Fight.mp3
Jun 13 11:35 : update: added SAO/She Has to Overcome Her Fear.mp3
Jun 13 11:35 : update: added SAO/Goodbye, Again and Again Noisy.mp3
Jun 13 11:35 : update: added SAO/Inside Information.mp3
Jun 13 11:35 : update: added SAO/She Is Still Sleeping.mp3
Jun 13 11:35 : update: added SAO/Run, Run, Runaway.mp3
Jun 13 11:35 : update: added SAO/A Tiny Love.mp3
Jun 13 11:35 : update: added SAO/Urd.mp3
Jun 13 11:35 : update: added SAO/A Pressing Danger.mp3
Jun 13 11:35 : update: added SAO/Sword Art Online II - Ignite Full OP.mp3
Jun 13 11:35 : update: added SAO/You Are Not Alone #2.mp3
Jun 13 11:35 : update: added SAO/Freyja.mp3
Jun 13 11:35 : update: added SAO/Swordbreaking Land.mp3
Jun 13 11:35 : update: added SAO/A Brisk Conversation.mp3
Jun 13 11:35 : update: added SAO/False King.mp3
Jun 13 11:35 : update: added SAO/Tears for You.mp3
Jun 13 11:35 : update: added SAO/First Drop.mp3
Jun 13 11:35 : update: added SAO/The Appearance of Thrymr.mp3
Jun 13 11:35 : update: added SAO/A Bleak and Desolate Land.mp3
Jun 13 11:35 : update: added SAO/Friendly Feelings.mp3
Jun 13 11:35 : update: added SAO/Shoot _Em Up!.mp3
Jun 13 11:35 : update: added SAO/In This World.mp3
Jun 13 11:35 : update: added SAO/You Are Not Alone #3.mp3
Jun 13 11:35 : update: added SAO/Her Tragic Memory.mp3
Jun 13 11:35 : update: added SAO/At Nightfall.mp3
Jun 13 11:35 : update: added SAO/Peace, Again.mp3
Jun 13 11:35 : update: added SAO/This Psychedelic World.mp3
Jun 13 11:35 : update: added SAO/A Narrow Escape.mp3
Jun 13 11:35 : update: added SAO/The Most Peaceful Music Sword Art Online.mp3
Jun 13 11:35 : update: added SAO/You Are Not Alone.mp3
Jun 13 11:35 : update: added SAO/Creeping Up.mp3
Jun 13 11:35 : update: added SAO/Survive the Swordland.mp3
Jun 13 11:35 : update: added SAO/Climbing Up the World Tree.mp3
Jun 13 11:35 : update: added SAO/Smile for Me.mp3
Jun 13 11:35 : update: added SAO/A Tender Feeling.mp3
Jun 13 11:35 : update: added SAO/You Are the Winner!.mp3
Jun 13 11:35 : update: added SAO/Swordland -To Be Continued.mp3
Jun 13 11:35 : update: added SAO/She_s a Knockout!.mp3
Jun 13 11:35 : update: added SAO/This is The Price of War.mp3
Jun 13 11:35 : update: added SAO/Through the Eyes of a Dragon.mp3
Jun 13 11:35 : update: added SAO/In the Battle Field, Once Again.mp3
Jun 13 11:35 : update: added SAO/Light Your Sword.mp3
Jun 13 11:35 : update: added SAO/Her Cruel Past.mp3
Jun 13 11:35 : update: added SAO/Moon and Shadow.mp3
Jun 13 11:35 : update: added SAO/You Are Not Alone-.mp3
Jun 13 11:35 : update: added SAO/A Sad Quarrel.mp3
Jun 13 11:35 : update: added SAO/Another State of Emergency.mp3
Jun 13 11:35 : update: added SAO/Daily Life, You and Me.mp3
Jun 13 11:35 : update: added SAO/Her Actual World.mp3
Jun 13 11:35 : update: added SAO/Reconciliation.mp3
Jun 13 11:35 : update: added SAO/Something Is Strange.mp3
Jun 13 11:35 : update: added SAO/Like in the Glass.mp3
Jun 13 11:35 : update: added SAO/Aincrad.mp3
Jun 13 11:35 : update: added SAO/Past Sadness.mp3
Jun 13 11:35 : update: added SAO/Everyday Life.mp3
Jun 13 11:35 : update: added SAO/Yui.mp3
Jun 13 11:35 : update: added SAO/Trying to Understand.mp3
Jun 13 11:35 : update: added SAO/Drive Your Way.mp3
Jun 13 11:35 : update: added SAO/Where_s My Enemy.mp3
Jun 13 11:35 : update: added SAO/Spark Again.mp3
Jun 13 11:35 : update: added SAO/Tonky.mp3
Jun 13 11:35 : update: added SAO/Defeat Him and Get It!.mp3
Jun 13 11:35 : update: added SAO/Crooked Mind.mp3
Jun 13 11:35 : update: added SAO/Last Flight.mp3
Jun 13 11:35 : update: added SAO/School Days, with You.mp3
Jun 13 11:35 : update: added SAO/Quickly and without Fail.mp3
Jun 13 11:35 : update: added SAO/No-Escape.mp3
Jun 13 11:35 : update: added SAO/Good Bye, Again and Again.mp3
Jun 13 11:35 : update: added SAO/The First Town.mp3
Jun 13 11:35 : update: added SAO/He, or She.mp3
Jun 13 11:35 : update: added SAO/Flickering Candlelight.mp3
Jun 13 11:35 : update: added SAO/At Our Parting.mp3
Jun 13 11:35 : update: added SAO/In Time of Peace.mp3
Jun 13 11:35 : update: added SAO/Got to Win.mp3
Jun 13 11:35 : update: added SAO/Concerning Operation.mp3
Jun 13 11:35 : update: added SAO/We Have to Defeat It.mp3
Jun 13 11:35 : update: added SAO/Town in the Morning.mp3
Jun 13 11:35 : update: added SAO/a sword of bravery in her heart.mp3
Jun 13 11:35 : update: added SAO/A New World of Fairies.mp3
Jun 13 11:35 : update: added SAO/So I Met Her.mp3
Jun 13 11:35 : update: added SAO/Gracefully.mp3
Jun 13 11:35 : update: added paradise/Hoshiga Furu Yume.mp3
Jun 13 11:35 : update: added paradise/Unlimited.mp3
Jun 13 11:35 : update: added paradise/PINK BLOOD.mp3
Jun 13 11:35 : update: added paradise/time.mp3
Jun 13 11:35 : update: added paradise/Uchiagehanabi.mp3
Jun 13 11:35 : update: added paradise/One Last Kiss.mp3
Jun 13 11:35 : update: added paradise/春擬き.mp3
Jun 13 11:35 : update: added paradise/ただ君に晴れ.mp3
Jun 13 11:35 : update: added paradise/Nainai.mp3
Jun 13 11:35 : update: added paradise/Lilac.mp3
Jun 13 11:35 : update: added piano/Gotoubun no Katachi.mp3
Jun 13 11:35 : update: added piano/Otomodachi.mp3
Jun 13 11:35 : update: added piano/Dororo.mp3
Jun 13 11:35 : update: added piano/Gurenge.mp3
Jun 13 11:35 : update: added piano/Homura.mp3
Jun 13 11:35 : update: added piano/Watashi No Uso.mp3
Jun 13 11:35 : update: added piano/Pray.mp3
Jun 13 11:35 : update: added piano/Iris.mp3
Jun 13 11:35 : update: added piano/Ref -rain.mp3
Jun 13 11:35 : update: added piano/Fukashigi No Carte.mp3
Jun 13 11:35 : update: added piano/SAO medley.mp3
Jun 13 11:35 : update: added piano/Beneath the Light of Jadeite.mp3
Jun 13 11:35 : update: added piano/Caste Room Kei.mp3
Jun 13 11:35 : update: added piano/Haru Wa Yuku.mp3
Jun 13 11:35 : update: added piano/Forget Me Not.mp3
Jun 13 11:35 : update: added piano/Omoide Shiritori.mp3
Jun 13 11:35 : update: added piano/My Truth.mp3
Jun 13 11:35 : update: added piano/ReoNa - ANIMA.mp3
Jun 13 11:35 : update: added piano/Sincerely.mp3
Jun 13 11:35 : update: added piano/Ignite.mp3
Jun 13 11:35 : update: added piano/God knows....mp3
Jun 13 11:35 : update: added piano/Ryuusei.mp3
Jun 13 11:35 : update: added piano/Guizhong Lullaby.mp3
Jun 13 11:35 : update: added piano/Horimiya.mp3
Jun 13 11:35 : update: added piano/Unravel.mp3
Jun 13 11:35 : update: added piano/Ash.mp3
Jun 13 11:35 : update: added piano/Howling.mp3
Jun 13 11:35 : update: added piano/Catch the Moment.mp3
Jun 13 11:35 : update: added piano/Iwanai kedo ne.mp3
Jun 13 11:35 : update: added piano/Haruka Mirai.mp3
Jun 13 11:35 : update: added piano/Koi No Uta.mp3
Jun 13 11:35 : update: added Noice/Longing.mp3
Jun 13 11:35 : update: added Noice/Ubiquitous dB.mp3
Jun 13 11:35 : update: added Noice/Till the End.mp3
Jun 13 11:35 : update: added Noice/Shirushi.mp3
Jun 13 11:35 : update: added Noice/forget-me-not.mp3
Jun 13 11:35 : update: added Noice/Gurenge.mp3
Jun 13 11:35 : update: added Noice/Shinkaron.mp3
Jun 13 11:35 : update: added Noice/Iris.mp3
Jun 13 11:35 : update: added Noice/Ref -rain.mp3
Jun 13 11:35 : update: added Noice/Resolution.mp3
Jun 13 11:35 : update: added Noice/Kawaki wo Ameku.mp3
Jun 13 11:35 : update: added Noice/Resister.mp3
Jun 13 11:35 : update: added Noice/Selfrontier.mp3
Jun 13 11:35 : update: added Noice/I will...mp3
Jun 13 11:35 : update: added Noice/Beneath the Light of Jadeite.mp3
Jun 13 11:35 : update: added Noice/First Drop.mp3
Jun 13 11:35 : update: added Noice/Haru Wa Yuku.mp3
Jun 13 11:35 : update: added Noice/Tsumibito.mp3
Jun 13 11:35 : update: added Noice/Break Beat Bark!.mp3
Jun 13 11:35 : update: added Noice/ReoNa - ANIMA.mp3
Jun 13 11:35 : update: added Noice/Fukashigi no Carte.mp3
Jun 13 11:35 : update: added Noice/Centimeter.mp3
Jun 13 11:35 : update: added Noice/Unlasting.mp3
Jun 13 11:35 : update: added Noice/Ignite.mp3
Jun 13 11:35 : update: added Noice/Ryusei.mp3
Jun 13 11:35 : update: added Noice/ADAMAS.mp3
Jun 13 11:35 : update: added Noice/INNOCENCE.mp3
Jun 13 11:35 : update: added Noice/Nisemono No Koi Ni Sayounara.mp3
Jun 13 11:35 : update: added Noice/Ash.mp3
Jun 13 11:35 : update: added Noice/Brave Shine.mp3
Jun 13 11:35 : update: added Noice/Catch the Moment.mp3
Jun 13 11:35 : update: added Noice/Kaibutsu No Uta.mp3
Jun 13 11:35 : update: added Noice/SPARK-AGAIN.mp3
Jun 13 11:35 : update: added Noice/dawn.mp3
Jun 13 12:01 : exception: Failed to play on "pulse audio" (pulse): suspended
Jun 13 12:04 : player: played "paradise/PINK BLOOD.mp3"
Jun 13 12:04 : exception: Failed to play on "pulse audio" (pulse): suspended
Jun 13 12:08 : player: played "paradise/PINK BLOOD.mp3"
Jun 13 12:08 : exception: Failed to play on "pulse audio" (pulse): suspended
Jun 13 12:11 : player: played "paradise/PINK BLOOD.mp3"
Jun 13 12:11 : exception: Failed to play on "pulse audio" (pulse): suspended
Jun 13 12:14 : player: played "paradise/PINK BLOOD.mp3"
Jun 13 12:14 : exception: Failed to play on "pulse audio" (pulse): suspended
Jun 13 12:14 : exception: Failed to play on "pulse audio" (pulse): suspended
Jun 13 12:15 : exception: Failed to play on "pulse audio" (pulse): suspended
Jun 13 12:15 : exception: Failed to play on "pulse audio" (pulse): suspended
Jun 13 12:15 : exception: Failed to play on "pulse audio" (pulse): suspended
Jun 13 12:18 : exception: Failed to play on "pulse audio" (pulse): suspended
Jun 13 12:26 : exception: Failed to play on "pulse audio" (pulse): suspended
Jun 13 12:26 : exception: Failed to play on "pulse audio" (pulse): suspended
Jun 13 12:44 : player: played "paradise/PINK BLOOD.mp3"
Jun 13 12:45 : avahi: Service 'Music Player @ aisuru' successfully established.
Jun 13 12:58 : player: played "hoyuy/a.m.3.mp3"
Jun 13 12:59 : player: played "Noice/INNOCENCE.mp3"
Jun 13 13:37 : player: played "paradise/春擬き.mp3"
Jun 13 13:41 : player: played "hoyuy/Tsuki O Ou Mayonaka.mp3"
Jun 13 13:45 : player: played "Noice/Ignite.mp3"
Jun 13 13:46 : player: played "Noice/Kawaki wo Ameku.mp3"
Jun 13 13:51 : player: played "hoyuy/Mahi.mp3"
Jun 13 13:55 : player: played "paradise/Unlimited.mp3"
Jun 13 13:59 : player: played "paradise/PINK BLOOD.mp3"
Jun 13 14:03 : player: played "Noice/Resolution.mp3"
Jun 13 14:07 : player: played "Noice/Iris.mp3"
Jun 13 14:13 : player: played "hoyuy/Kawakiwoameku.mp3"
Jun 13 14:15 : update: added ayaya/エブリデイワールド.mp3
Jun 13 14:15 : update: added ayaya/Stars.mp3
Jun 13 14:15 : update: added ayaya/Alone.mp3
Jun 13 14:15 : update: added ayaya/過去に囚われている.mp3
Jun 13 14:15 : update: added ayaya/Ashiato.mp3
Jun 13 14:15 : update: added ayaya/Matasaburo.mp3
Jun 13 14:15 : update: added ayaya/五等分のカタチ.mp3
Jun 13 14:15 : update: added ayaya/春を告げる.mp3
Jun 13 14:15 : update: added ayaya/Datte Atashino Hero.mp3
Jun 13 14:15 : update: added ayaya/Irokousui.mp3
Jun 13 14:15 : update: added ayaya/Ougon no Kagayaki.mp3
Jun 13 14:15 : update: added ayaya/Dancer in the Discord.mp3
Jun 13 14:15 : update: added ayaya/Sousouno Uta.mp3
Jun 13 14:15 : update: added ayaya/summertime.mp3
Jun 13 14:15 : exception: No such directory
Jun 13 14:21 : player: played "ayaya/Irokousui.mp3"
Jun 13 14:29 : player: played "Noice/forget-me-not.mp3"
Jun 13 14:35 : player: played "Noice/Unlasting.mp3"
Jun 13 14:39 : player: played "piano/Caste Room Kei.mp3"
Jun 13 14:41 : player: played "Noice/Selfrontier.mp3"
Jun 13 14:46 : player: played "Noice/Catch the Moment.mp3"
Jun 13 14:50 : player: played "hoyuy/Hitokakerano Yuki.mp3"
Jun 13 18:41 : player: played "paradise/One Last Kiss.mp3"
Jun 13 18:45 : player: played "Noice/SPARK-AGAIN.mp3"
Jun 13 18:50 : player: played "Noice/Break Beat Bark!.mp3"
Jun 13 18:58 : player: played "hoyuy/Yakusoku.mp3"
Jun 13 19:02 : player: played "ayaya/Ashiato.mp3"
Jun 13 19:06 : player: played "ayaya/五等分のカタチ.mp3"
Jun 13 19:12 : player: played "hoyuy/Radiant Dreams.mp3"
Jun 13 19:16 : player: played "hoyuy/ユキトキ.mp3"
Jun 13 19:20 : player: played "Noice/Resister.mp3"
Jun 13 19:23 : player: played "piano/Dororo.mp3"
Jun 13 19:27 : player: played "Noice/Shinkaron.mp3"
Jun 13 19:31 : player: played "Noice/Ash.mp3"
Jun 13 19:38 : player: played "Noice/dawn.mp3"
Jun 13 19:42 : player: played "Noice/Tsumibito.mp3"
Jun 13 22:00 : player: played "Noice/dawn.mp3"
Jun 13 22:04 : player: played "Noice/Tsumibito.mp3"
Jun 13 22:09 : player: played "Noice/I will...mp3"
Jun 13 22:13 : player: played "Noice/First Drop.mp3"
Jun 13 22:20 : player: played "piano/Catch the Moment.mp3"
Jun 13 22:27 : player: played "hoyuy/芽ぐみの雨.mp3"
Jun 13 22:37 : player: played "Noice/Gurenge.mp3"
Jun 13 22:37 : player: played "Noice/Gurenge.mp3"
Jun 14 17:29 : player: played "hoyuy/Tsuki O Ou Mayonaka.mp3"
Jun 14 17:32 : player: played "piano/Omoide Shiritori.mp3"
Jun 14 17:36 : player: played "Noice/Fukashigi no Carte.mp3"
Jun 14 17:40 : player: played "Noice/ADAMAS.mp3"
Jun 14 17:45 : player: played "Noice/Resolution.mp3"
Jun 14 17:47 : player: played "Noice/Kawaki wo Ameku.mp3"
Jun 14 17:50 : player: played "hoyuy/Mahi.mp3"
Jun 14 17:54 : player: played "Noice/Ash.mp3"
Jun 14 17:58 : player: played "hoyuy/だから僕は音楽を辞め.mp3"
Jun 14 18:02 : player: played "Noice/Ignite.mp3"
Jun 14 18:06 : player: played "ayaya/Irokousui.mp3"
Jun 14 18:11 : player: played "Noice/Tsumibito.mp3"
Jun 14 18:15 : player: played "hoyuy/Yakusoku.mp3"
Jun 14 18:19 : player: played "Noice/Shinkaron.mp3"
Jun 14 18:24 : player: played "Noice/Unlasting.mp3"
Jun 14 18:29 : player: played "Noice/Kaibutsu No Uta.mp3"
Jun 14 18:33 : player: played "hoyuy/Kawakiwoameku.mp3"
Jun 14 18:37 : player: played "Noice/Resister.mp3"
Jun 14 18:41 : player: played "hoyuy/ダイヤモンドの純度～Yukino Ballade.mp3"
Jun 14 18:44 : player: played "piano/Koi No Uta.mp3"
Jun 14 18:50 : player: played "Noice/Till the End.mp3"
Jun 14 18:55 : player: played "Noice/Shirushi.mp3"
Jun 14 18:58 : player: played "Noice/Centimeter.mp3"
Jun 14 21:26 : player: played "Noice/ReoNa - ANIMA.mp3"
Jun 14 21:30 : player: played "hoyuy/Hitokakerano Yuki.mp3"
Jun 14 21:45 : player: played "Noice/dawn.mp3"
Jun 14 21:50 : player: played "Noice/forget-me-not.mp3"
Jun 14 21:59 : player: played "Noice/Resister.mp3"
Jun 14 22:00 : player: played "hoyuy/Tsuki O Ou Mayonaka.mp3"
Jun 15 08:16 : avahi: Service 'Music Player @ aisuru' successfully established.
Jun 15 17:02 : player: played "hoyuy/Tsuki O Ou Mayonaka.mp3"
Jun 15 17:04 : player: played "hoyuy/Tsuki O Ou Mayonaka.mp3"
Jun 15 17:08 : player: played "Noice/Resister.mp3"
Jun 15 17:14 : player: played "Noice/ReoNa - ANIMA.mp3"
Jun 15 17:19 : player: played "ayaya/Irokousui.mp3"
Jun 15 17:23 : player: played "Noice/dawn.mp3"
Jun 15 19:23 : player: played "Noice/Ryusei.mp3"
Jun 15 19:40 : player: played "paradise/One Last Kiss.mp3"
Jun 15 19:45 : player: played "hoyuy/a.m.3.mp3"
Jun 15 20:59 : player: played "Noice/ADAMAS.mp3"
Jun 15 21:04 : player: played "Noice/Catch the Moment.mp3"
Jun 15 21:08 : player: played "Noice/Gurenge.mp3"
Jun 15 21:15 : player: played "ayaya/Stars.mp3"
Jun 15 21:19 : player: played "hoyuy/Hitokakerano Yuki.mp3"
Jun 15 21:22 : player: played "hoyuy/Radiant Dreams.mp3"
Jun 15 21:35 : player: played "ayaya/Irokousui.mp3"
Jun 16 09:58 : avahi: Service 'Music Player @ aisuru' successfully established.
Jun 16 17:59 : player: played "ayaya/Irokousui.mp3"
Jun 16 18:00 : avahi: Service 'Music Player @ aisuru' successfully established.
